Command line:
   Mux2to1_12bit_isim_beh.exe
     -simmode  gui
     -simrunnum  1
     -socket  41074

Sat Jun  4 20:45:40 2016


 Elaboration Time: 0.03 sec

 Current Memory Usage: 195.387 Meg

 Total Signals          : 4
 Total Nets             : 37
 Total Signal Drivers   : 1
 Total Blocks           : 2
 Total Primitive Blocks : 2
 Total Processes        : 1
 Total Traceable Variables  : 8
 Total Scalar Nets and Variables : 397
Total Line Count : 3

 Total Simulation Time: 0.03 sec

 Current Memory Usage: 270.889 Meg

Sat Jun  4 20:45:43 2016

