Running: /opt/Xilinx/14.7/ISE_DS/ISE/bin/lin64/unwrapped/fuse -intstyle ise -incremental -lib secureip -o /home/tony/Sacagawea/Divisor_isim_beh.exe -prj /home/tony/Sacagawea/Divisor_beh.prj work.Divisor 
ISim P.20131013 (signature 0xfbc00daa)
Number of CPUs detected in this system: 4
Turning on mult-threading, number of parallel sub-compilation jobs: 8 
Determining compilation order of HDL files
Parsing VHDL file "/home/tony/Sacagawea/Divisor.vhd" into library work
Starting static elaboration
Completed static elaboration
Fuse Memory Usage: 95972 KB
Fuse CPU Usage: 1310 ms
Compiling package standard
Compiling package std_logic_1164
Compiling package std_logic_arith
Compiling architecture behavioral of entity divisor
Time Resolution for simulation is 1ps.
Waiting for 1 sub-compilation(s) to finish...
Compiled 4 VHDL Units
Built simulation executable /home/tony/Sacagawea/Divisor_isim_beh.exe
Fuse Memory Usage: 666232 KB
Fuse CPU Usage: 1510 ms
GCC CPU Usage: 770 ms
