ISim log file
Running: /home/tony/Sacagawea/ALU_isim_beh.exe -intstyle ise -gui -tclbatch isim.cmd -wdb /home/tony/Sacagawea/ALU_isim_beh.wdb 
ISim P.20131013 (signature 0xfbc00daa)
WARNING: A WEBPACK license was found.
WARNING: Please use Xilinx License Configuration Manager to check out a full ISim license.
WARNING: ISim will run in Lite mode. Please refer to the ISim documentation for more information on the differences between the Lite and the Full version.
This is a Lite version of ISim.
Time resolution is 1 ps
# onerror resume
# wave add /
# run 1000 ns
Simulator is doing circuit initialization process.
Finished circuit initialization process.
# restart
# run 1.00us
Simulator is doing circuit initialization process.
Finished circuit initialization process.
# isim force add /alu/s_muxa 00001111 -radix bin
# isim force add /alu/ctrl_alu 0111 -radix bin
# run 1.00us
